2023-05-16 20:05:72 INFO  HomePage :74 - Mouse hover on “Desktops” Tab and click [[ChromeDriver: chrome on WINDOWS (1e3634a5659075aa940d72c10eec5ded)] -> link text: Desktops]
2023-05-16 20:05:692 INFO  HomePage :93 - Click on Show All Desktop tab [[ChromeDriver: chrome on WINDOWS (1e3634a5659075aa940d72c10eec5ded)] -> xpath: //a[normalize-space()='Show AllDesktops']]
2023-05-16 20:05:782 INFO  DesktopPage :45 - Click on sort by position [[ChromeDriver: chrome on WINDOWS (1e3634a5659075aa940d72c10eec5ded)] -> id: input-sort]
2023-05-16 20:05:372 INFO  DesktopPage :74 - Select option product sorted by Name (Z - A)from sort by options [[ChromeDriver: chrome on WINDOWS (1e3634a5659075aa940d72c10eec5ded)] -> id: input-sort]
2023-05-16 20:05:480 INFO  HomePage :74 - Mouse hover on “Desktops” Tab and click [[ChromeDriver: chrome on WINDOWS (7c153eeada92f4f692cce93b17111376)] -> link text: Desktops]
2023-05-16 20:05:867 INFO  HomePage :93 - Click on Show All Desktop tab [[ChromeDriver: chrome on WINDOWS (7c153eeada92f4f692cce93b17111376)] -> xpath: //a[normalize-space()='Show AllDesktops']]
2023-05-16 20:05:949 INFO  HomePage :105 - Clicking on Currency on top of page [[ChromeDriver: chrome on WINDOWS (7c153eeada92f4f692cce93b17111376)] -> xpath: //span[normalize-space()='Currency']]
2023-05-16 20:05:572 INFO  HomePage :113 - Select £Pound Sterling from currency drop down list [[[ChromeDriver: chrome on WINDOWS (7c153eeada92f4f692cce93b17111376)] -> xpath: //ul[@class = 'dropdown-menu']/li], [[ChromeDriver: chrome on WINDOWS (7c153eeada92f4f692cce93b17111376)] -> xpath: //ul[@class = 'dropdown-menu']/li], [[ChromeDriver: chrome on WINDOWS (7c153eeada92f4f692cce93b17111376)] -> xpath: //ul[@class = 'dropdown-menu']/li]]
2023-05-16 20:05:20 INFO  DesktopPage :74 - Select option product sorted by Name (A - Z)from sort by options [[ChromeDriver: chrome on WINDOWS (7c153eeada92f4f692cce93b17111376)] -> id: input-sort]
2023-05-16 20:05:187 INFO  DesktopPage :79 - Clicking on HP LP3065 [[ChromeDriver: chrome on WINDOWS (7c153eeada92f4f692cce93b17111376)] -> xpath: //a[contains(text(),'HP LP3065')]]
2023-05-16 20:05:208 INFO  ProductPage :52 - Verify the Text "HP LP3065" [[ChromeDriver: chrome on WINDOWS (7c153eeada92f4f692cce93b17111376)] -> xpath: //a[contains(text(),'HP LP3065')]]
2023-05-16 20:05:312 INFO  ProductPage :58 - Select 2022November30 to date field [[ChromeDriver: chrome on WINDOWS (7c153eeada92f4f692cce93b17111376)] -> xpath: //div[@class = 'input-group date']//button]
2023-05-16 21:05:464 INFO  ProductPage :82 - Enter Qty 1 to quantity field [[ChromeDriver: chrome on WINDOWS (7c153eeada92f4f692cce93b17111376)] -> xpath: //input[@id='input-quantity']]
2023-05-16 21:05:143 INFO  ProductPage :87 - Clicking on Login Button [[ChromeDriver: chrome on WINDOWS (7c153eeada92f4f692cce93b17111376)] -> xpath: //button[@id='button-cart']]
2023-05-16 21:05:725 INFO  ProductPage :91 - Verify the Message “Success: You have added HP LP3065 to your shopping cart!” [[ChromeDriver: chrome on WINDOWS (7c153eeada92f4f692cce93b17111376)] -> xpath: //div[@class='alert alert-success alert-dismissible']]
2023-05-16 21:05:737 INFO  ProductPage :97 - Click on link “shopping cart” display into success message [[ChromeDriver: chrome on WINDOWS (7c153eeada92f4f692cce93b17111376)] -> xpath: //a[contains(text(),'shopping cart')]]
2023-05-16 21:05:765 INFO  ShoppingCartPage :47 -  Verify the text Shopping Cart [[ChromeDriver: chrome on WINDOWS (7c153eeada92f4f692cce93b17111376)] -> xpath: //div[@id='content']//h1]
2023-05-16 21:05:807 INFO  ShoppingCartPage :52 - Verify the Product name HP LP3065 [[ChromeDriver: chrome on WINDOWS (7c153eeada92f4f692cce93b17111376)] -> xpath: //div[@class = 'table-responsive']/table/tbody/tr/td[2]/a]
2023-05-16 21:05:838 INFO  ShoppingCartPage :57 - Verify the Delivery Date 2022-11-30 [[ChromeDriver: chrome on WINDOWS (7c153eeada92f4f692cce93b17111376)] -> xpath: //div[@class = 'table-responsive']/table/tbody/tr/td[2]/small[1]]
2023-05-16 21:05:869 INFO  ShoppingCartPage :62 - Verify the Model Product21 [[ChromeDriver: chrome on WINDOWS (7c153eeada92f4f692cce93b17111376)] -> xpath: //div[@class = 'table-responsive']/table/tbody/tr/td[3]]
2023-05-16 21:05:897 INFO  ShoppingCartPage :67 - Verify the Total £74.73 [[ChromeDriver: chrome on WINDOWS (7c153eeada92f4f692cce93b17111376)] -> xpath: //div[@class = 'table-responsive']/table/tbody/tr/td[6]]
2023-05-16 21:05:843 INFO  HomePage :80 - Mouse hover on “Laptops & Notebooks” Tab and click [[ChromeDriver: chrome on WINDOWS (86a37893c6430bdd68e8a13b2100e338)] -> link text: Laptops & Notebooks]
2023-05-16 21:05:343 INFO  HomePage :99 - Click on Show All LaptopAndNotebook Tab [[ChromeDriver: chrome on WINDOWS (86a37893c6430bdd68e8a13b2100e338)] -> xpath: //a[normalize-space()='Show AllLaptops & Notebooks']]
2023-05-16 21:05:429 INFO  DesktopPage :45 - Click on sort by position [[ChromeDriver: chrome on WINDOWS (86a37893c6430bdd68e8a13b2100e338)] -> id: input-sort]
2023-05-16 21:05:116 INFO  DesktopPage :74 - Select option product sorted by Price (High > Low)from sort by options [[ChromeDriver: chrome on WINDOWS (86a37893c6430bdd68e8a13b2100e338)] -> id: input-sort]
2023-05-16 21:05:196 INFO  LaptopAndNotebookPage :63 - Verify Product sorted  price High to low [[[ChromeDriver: chrome on WINDOWS (86a37893c6430bdd68e8a13b2100e338)] -> xpath: //p[@class ='price']], [[ChromeDriver: chrome on WINDOWS (86a37893c6430bdd68e8a13b2100e338)] -> xpath: //p[@class ='price']], [[ChromeDriver: chrome on WINDOWS (86a37893c6430bdd68e8a13b2100e338)] -> xpath: //p[@class ='price']], [[ChromeDriver: chrome on WINDOWS (86a37893c6430bdd68e8a13b2100e338)] -> xpath: //p[@class ='price']], [[ChromeDriver: chrome on WINDOWS (86a37893c6430bdd68e8a13b2100e338)] -> xpath: //p[@class ='price']]]
2023-05-16 21:05:253 INFO  LaptopAndNotebookPage :63 - Verify Product sorted  price High to low [[[ChromeDriver: chrome on WINDOWS (86a37893c6430bdd68e8a13b2100e338)] -> xpath: //p[@class ='price']], [[ChromeDriver: chrome on WINDOWS (86a37893c6430bdd68e8a13b2100e338)] -> xpath: //p[@class ='price']], [[ChromeDriver: chrome on WINDOWS (86a37893c6430bdd68e8a13b2100e338)] -> xpath: //p[@class ='price']], [[ChromeDriver: chrome on WINDOWS (86a37893c6430bdd68e8a13b2100e338)] -> xpath: //p[@class ='price']], [[ChromeDriver: chrome on WINDOWS (86a37893c6430bdd68e8a13b2100e338)] -> xpath: //p[@class ='price']]]
2023-05-16 21:05:167 INFO  HomePage :80 - Mouse hover on “Laptops & Notebooks” Tab and click [[ChromeDriver: chrome on WINDOWS (690fb775b04793eaab5e07bfb4f57642)] -> link text: Laptops & Notebooks]
2023-05-16 21:05:551 INFO  HomePage :99 - Click on Show All LaptopAndNotebook Tab [[ChromeDriver: chrome on WINDOWS (690fb775b04793eaab5e07bfb4f57642)] -> xpath: //a[normalize-space()='Show AllLaptops & Notebooks']]
2023-05-16 21:05:607 INFO  HomePage :105 - Clicking on Currency on top of page [[ChromeDriver: chrome on WINDOWS (690fb775b04793eaab5e07bfb4f57642)] -> xpath: //span[normalize-space()='Currency']]
2023-05-16 21:05:422 INFO  HomePage :113 - Select £Pound Sterling from currency drop down list [[[ChromeDriver: chrome on WINDOWS (690fb775b04793eaab5e07bfb4f57642)] -> xpath: //ul[@class = 'dropdown-menu']/li], [[ChromeDriver: chrome on WINDOWS (690fb775b04793eaab5e07bfb4f57642)] -> xpath: //ul[@class = 'dropdown-menu']/li], [[ChromeDriver: chrome on WINDOWS (690fb775b04793eaab5e07bfb4f57642)] -> xpath: //ul[@class = 'dropdown-menu']/li]]
2023-05-16 21:05:44 INFO  DesktopPage :74 - Select option product sorted by Price (High > Low)from sort by options [[ChromeDriver: chrome on WINDOWS (690fb775b04793eaab5e07bfb4f57642)] -> id: input-sort]
2023-05-16 21:05:362 INFO  LaptopAndNotebookPage :80 - Select Macbook[[ChromeDriver: chrome on WINDOWS (690fb775b04793eaab5e07bfb4f57642)] -> link text: MacBook]
2023-05-16 21:05:384 INFO  ProductPage :101 - Verify text MacBook [[ChromeDriver: chrome on WINDOWS (690fb775b04793eaab5e07bfb4f57642)] -> xpath: //h1[contains(text(),'MacBook')]]
2023-05-16 21:05:64 INFO  ProductPage :87 - Clicking on Login Button [[ChromeDriver: chrome on WINDOWS (690fb775b04793eaab5e07bfb4f57642)] -> xpath: //button[@id='button-cart']]
2023-05-16 21:05:596 INFO  ProductPage :91 - Verify the Message “Success: You have added HP LP3065 to your shopping cart!” [[ChromeDriver: chrome on WINDOWS (690fb775b04793eaab5e07bfb4f57642)] -> xpath: //div[@class='alert alert-success alert-dismissible']]
2023-05-16 21:05:71 INFO  ProductPage :97 - Click on link “shopping cart” display into success message [[ChromeDriver: chrome on WINDOWS (690fb775b04793eaab5e07bfb4f57642)] -> xpath: //a[contains(text(),'shopping cart')]]
2023-05-16 21:05:105 INFO  ShoppingCartPage :47 -  Verify the text Shopping Cart [[ChromeDriver: chrome on WINDOWS (690fb775b04793eaab5e07bfb4f57642)] -> xpath: //div[@id='content']//h1]
2023-05-16 21:05:213 INFO  ShoppingCartPage :52 - Verify the Product name HP LP3065 [[ChromeDriver: chrome on WINDOWS (690fb775b04793eaab5e07bfb4f57642)] -> xpath: //div[@class = 'table-responsive']/table/tbody/tr/td[2]/a]
2023-05-16 21:05:582 INFO  ShoppingCartPage :74 - Change Quantity 2 to quantity field [[ChromeDriver: chrome on WINDOWS (690fb775b04793eaab5e07bfb4f57642)] -> xpath: //div[@class='input-group btn-block']/input[@type='text']]
2023-05-16 21:05:239 INFO  ShoppingCartPage :79 -  Click on “Update” Tab [[ChromeDriver: chrome on WINDOWS (690fb775b04793eaab5e07bfb4f57642)] -> xpath: //i[@class = 'fa fa-refresh']]
2023-05-16 21:05:275 INFO  ShoppingCartPage :83 - Getting welcome back text [[ChromeDriver: chrome on WINDOWS (690fb775b04793eaab5e07bfb4f57642)] -> xpath: //div[@id='checkout-cart']/div[1]]
2023-05-16 21:05:344 INFO  ShoppingCartPage :67 - Verify the Total £74.73 [[ChromeDriver: chrome on WINDOWS (690fb775b04793eaab5e07bfb4f57642)] -> xpath: //div[@class = 'table-responsive']/table/tbody/tr/td[6]]
2023-05-16 21:05:872 INFO  ShoppingCartPage :89 - Click on “Checkout” button [[ChromeDriver: chrome on WINDOWS (690fb775b04793eaab5e07bfb4f57642)] -> css selector: a.btn.btn-primary]
2023-05-16 21:05:915 INFO  CheckoutPage :77 - Verify the text “Checkout” [[ChromeDriver: chrome on WINDOWS (690fb775b04793eaab5e07bfb4f57642)] -> xpath: //div[@id='content']/h1]
2023-05-16 21:05:476 INFO  CheckoutPage :83 - Verify the Text “New Customer” [[ChromeDriver: chrome on WINDOWS (690fb775b04793eaab5e07bfb4f57642)] -> xpath: //h2[contains(text(),'New Customer')]]
2023-05-16 21:05:98 INFO  CheckoutPage :90 - Click on “Guest Checkout” radio button [[ChromeDriver: chrome on WINDOWS (690fb775b04793eaab5e07bfb4f57642)] -> xpath: //input[@value='guest']]
2023-05-16 21:05:198 INFO  CheckoutPage :96 - Click on “Continue” tab [[ChromeDriver: chrome on WINDOWS (690fb775b04793eaab5e07bfb4f57642)] -> xpath: //input[@id='button-account']]
2023-05-16 21:05:687 INFO  CheckoutPage :102 - Enter firstname Bhavisha to firstname field [[ChromeDriver: chrome on WINDOWS (690fb775b04793eaab5e07bfb4f57642)] -> id: input-payment-firstname]
2023-05-16 21:05:912 INFO  CheckoutPage :108 - Enter lastname Patel to lastname field [[ChromeDriver: chrome on WINDOWS (690fb775b04793eaab5e07bfb4f57642)] -> id: input-payment-lastname]
2023-05-16 21:05:115 INFO  CheckoutPage :114 - Enter email bhavisha to email field [[ChromeDriver: chrome on WINDOWS (690fb775b04793eaab5e07bfb4f57642)] -> id: input-payment-email]
2023-05-16 21:05:286 INFO  CheckoutPage :120 - Enter phoneNumber 01234567890 to phoneNumber field [[ChromeDriver: chrome on WINDOWS (690fb775b04793eaab5e07bfb4f57642)] -> id: input-payment-telephone]
2023-05-16 21:05:494 INFO  CheckoutPage :126 - Enter address Line 1 129 pinner road to address field [[ChromeDriver: chrome on WINDOWS (690fb775b04793eaab5e07bfb4f57642)] -> id: input-payment-address-1]
2023-05-16 21:05:685 INFO  CheckoutPage :132 - Enter city London to city field [[ChromeDriver: chrome on WINDOWS (690fb775b04793eaab5e07bfb4f57642)] -> id: input-payment-city]
2023-05-16 21:05:847 INFO  CheckoutPage :138 - Enter postcode N1 1AD to postcode field [[ChromeDriver: chrome on WINDOWS (690fb775b04793eaab5e07bfb4f57642)] -> id: input-payment-postcode]
2023-05-16 21:05:973 INFO  CheckoutPage :144 - Select country United Kingdom to country field [[ChromeDriver: chrome on WINDOWS (690fb775b04793eaab5e07bfb4f57642)] -> id: input-payment-country]
2023-05-16 21:05:137 INFO  CheckoutPage :151 - Select state Kent to state field [[ChromeDriver: chrome on WINDOWS (690fb775b04793eaab5e07bfb4f57642)] -> id: input-payment-zone]
2023-05-16 21:05:259 INFO  CheckoutPage :157 -  Click on continue button [[ChromeDriver: chrome on WINDOWS (690fb775b04793eaab5e07bfb4f57642)] -> id: button-guest]
2023-05-16 21:05:939 INFO  CheckoutPage :163 - Enter comments Nothing to Say! in to text area [[ChromeDriver: chrome on WINDOWS (690fb775b04793eaab5e07bfb4f57642)] -> xpath: //textarea[@name='comment']]
2023-05-16 21:05:33 INFO  CheckoutPage :169 -  Check the Terms & Conditions check box [[ChromeDriver: chrome on WINDOWS (690fb775b04793eaab5e07bfb4f57642)] -> xpath: //body/div[@id='checkout-checkout']/div[1]/div[1]/div[1]/div[3]/div[2]/div[1]/div[2]/div[1]/input[1]]
2023-05-16 21:05:86 INFO  CheckoutPage :175 - Click on “Continue” button [[ChromeDriver: chrome on WINDOWS (690fb775b04793eaab5e07bfb4f57642)] -> id: button-payment-method]
2023-05-16 21:05:114 INFO  CheckoutPage :180 - Verify the message “Warning: Payment method required!” [[ChromeDriver: chrome on WINDOWS (690fb775b04793eaab5e07bfb4f57642)] -> xpath: //div[@class='alert alert-danger alert-dismissible']]
2023-05-16 21:05:753 INFO  HomePage :128 - Select Login from myAccount drop down list [[[ChromeDriver: chrome on WINDOWS (bb91d7b75241878770cbdf7acb309adb)] -> xpath: //ul[@class='dropdown-menu dropdown-menu-right']/li], [[ChromeDriver: chrome on WINDOWS (bb91d7b75241878770cbdf7acb309adb)] -> xpath: //ul[@class='dropdown-menu dropdown-menu-right']/li]]
2023-05-16 21:05:779 INFO  LoginPage :36 - Verify the text “Returning Customer” [[ChromeDriver: chrome on WINDOWS (bb91d7b75241878770cbdf7acb309adb)] -> xpath: //h2[contains(text(),'Returning Customer')]]
2023-05-16 21:05:667 INFO  HomePage :128 - Select Login from myAccount drop down list [[[ChromeDriver: chrome on WINDOWS (c9af8f9b8d225a95d1a977eba7acb892)] -> xpath: //ul[@class='dropdown-menu dropdown-menu-right']/li], [[ChromeDriver: chrome on WINDOWS (c9af8f9b8d225a95d1a977eba7acb892)] -> xpath: //ul[@class='dropdown-menu dropdown-menu-right']/li]]
2023-05-16 21:05:828 INFO  LoginPage :43 - Enter email iampatel@gmail.comto email field [[ChromeDriver: chrome on WINDOWS (c9af8f9b8d225a95d1a977eba7acb892)] -> id: input-email]
2023-05-16 21:05:942 INFO  LoginPage :49 - Enter password HelloNum1to password field [[ChromeDriver: chrome on WINDOWS (c9af8f9b8d225a95d1a977eba7acb892)] -> id: input-password]
2023-05-16 21:05:537 INFO  LoginPage :55 - Clicking on Login Button [[ChromeDriver: chrome on WINDOWS (c9af8f9b8d225a95d1a977eba7acb892)] -> xpath: //input[@value='Login']]
2023-05-16 21:05:568 INFO  LoginPage :60 - Verify text “My Account” [[ChromeDriver: chrome on WINDOWS (c9af8f9b8d225a95d1a977eba7acb892)] -> xpath: //h2[text()='My Account']]
2023-05-16 21:05:323 INFO  HomePage :128 - Select Logout from myAccount drop down list [[[ChromeDriver: chrome on WINDOWS (c9af8f9b8d225a95d1a977eba7acb892)] -> xpath: //ul[@class='dropdown-menu dropdown-menu-right']/li], [[ChromeDriver: chrome on WINDOWS (c9af8f9b8d225a95d1a977eba7acb892)] -> xpath: //ul[@class='dropdown-menu dropdown-menu-right']/li], [[ChromeDriver: chrome on WINDOWS (c9af8f9b8d225a95d1a977eba7acb892)] -> xpath: //ul[@class='dropdown-menu dropdown-menu-right']/li], [[ChromeDriver: chrome on WINDOWS (c9af8f9b8d225a95d1a977eba7acb892)] -> xpath: //ul[@class='dropdown-menu dropdown-menu-right']/li], [[ChromeDriver: chrome on WINDOWS (c9af8f9b8d225a95d1a977eba7acb892)] -> xpath: //ul[@class='dropdown-menu dropdown-menu-right']/li]]
2023-05-16 21:05:349 INFO  LogoutPage :27 - Verify text "Account Logout" [[ChromeDriver: chrome on WINDOWS (c9af8f9b8d225a95d1a977eba7acb892)] -> xpath: //h1[text()='Account Logout']]
2023-05-16 21:05:805 INFO  LogoutPage :33 - Clicking on Continue Button [[ChromeDriver: chrome on WINDOWS (c9af8f9b8d225a95d1a977eba7acb892)] -> xpath: //a[contains(text(),'Continue')]]
2023-05-16 21:05:899 INFO  HomePage :128 - Select Register from myAccount drop down list [[[ChromeDriver: chrome on WINDOWS (755a14571c3411bcb8bc429b9cb169d0)] -> xpath: //ul[@class='dropdown-menu dropdown-menu-right']/li], [[ChromeDriver: chrome on WINDOWS (755a14571c3411bcb8bc429b9cb169d0)] -> xpath: //ul[@class='dropdown-menu dropdown-menu-right']/li]]
2023-05-16 21:05:912 INFO  RegisterPage :58 - Verify the text “Register Account”. [[ChromeDriver: chrome on WINDOWS (755a14571c3411bcb8bc429b9cb169d0)] -> xpath: //h1[contains(text(),'Register Account')]]
2023-05-16 21:05:987 INFO  HomePage :128 - Select Register from myAccount drop down list [[[ChromeDriver: chrome on WINDOWS (72327fe14b0001ed0a9513b6abeee8b9)] -> xpath: //ul[@class='dropdown-menu dropdown-menu-right']/li], [[ChromeDriver: chrome on WINDOWS (72327fe14b0001ed0a9513b6abeee8b9)] -> xpath: //ul[@class='dropdown-menu dropdown-menu-right']/li]]
2023-05-16 21:05:67 INFO  RegisterPage :64 - Enter Firstname Eama to Firstname field [[ChromeDriver: chrome on WINDOWS (72327fe14b0001ed0a9513b6abeee8b9)] -> id: input-firstname]
2023-05-16 21:05:132 INFO  RegisterPage :69 - Enter Lastname Patel to Lastname field [[ChromeDriver: chrome on WINDOWS (72327fe14b0001ed0a9513b6abeee8b9)] -> id: input-lastname]
2023-05-16 21:05:225 INFO  RegisterPage :74 - Enter email patelpQef@gmail.com to email field [[ChromeDriver: chrome on WINDOWS (72327fe14b0001ed0a9513b6abeee8b9)] -> id: input-email]
2023-05-16 21:05:305 INFO  RegisterPage :79 - Enter Telephone 01234567890 to Telephone field [[ChromeDriver: chrome on WINDOWS (72327fe14b0001ed0a9513b6abeee8b9)] -> id: input-telephone]
2023-05-16 21:05:375 INFO  RegisterPage :84 - Enter Password Hellonum11 to Password field [[ChromeDriver: chrome on WINDOWS (72327fe14b0001ed0a9513b6abeee8b9)] -> id: input-password]
2023-05-16 21:05:455 INFO  RegisterPage :89 - Enter ConfirmPassword Hellonum11 to ConfirmPassword field [[ChromeDriver: chrome on WINDOWS (72327fe14b0001ed0a9513b6abeee8b9)] -> id: input-confirm]
2023-05-16 21:05:491 INFO  RegisterPage :101 - Select Subscribe Yes radio button [[[ChromeDriver: chrome on WINDOWS (72327fe14b0001ed0a9513b6abeee8b9)] -> xpath: //fieldset[3]//input], [[ChromeDriver: chrome on WINDOWS (72327fe14b0001ed0a9513b6abeee8b9)] -> xpath: //fieldset[3]//input]]
2023-05-16 21:05:557 INFO  RegisterPage :106 - Click on Privacy Policy check box [[ChromeDriver: chrome on WINDOWS (72327fe14b0001ed0a9513b6abeee8b9)] -> xpath: //input[@name='agree']]
2023-05-16 21:05:896 INFO  RegisterPage :111 - Clicking on Continue Button [[ChromeDriver: chrome on WINDOWS (72327fe14b0001ed0a9513b6abeee8b9)] -> xpath: //input[@type='submit']]
2023-05-16 21:05:915 INFO  RegisterPage :115 - Verify the message “Your Account Has Been Created!” [[ChromeDriver: chrome on WINDOWS (72327fe14b0001ed0a9513b6abeee8b9)] -> xpath: //h1[text()='Your Account Has Been Created!']]
2023-05-16 21:05:405 INFO  RegisterPage :121 - Clicking on Continue Button [[ChromeDriver: chrome on WINDOWS (72327fe14b0001ed0a9513b6abeee8b9)] -> xpath: //a[text()='Continue']]
2023-05-16 21:05:401 INFO  HomePage :128 - Select Logout from myAccount drop down list [[[ChromeDriver: chrome on WINDOWS (72327fe14b0001ed0a9513b6abeee8b9)] -> xpath: //ul[@class='dropdown-menu dropdown-menu-right']/li], [[ChromeDriver: chrome on WINDOWS (72327fe14b0001ed0a9513b6abeee8b9)] -> xpath: //ul[@class='dropdown-menu dropdown-menu-right']/li], [[ChromeDriver: chrome on WINDOWS (72327fe14b0001ed0a9513b6abeee8b9)] -> xpath: //ul[@class='dropdown-menu dropdown-menu-right']/li], [[ChromeDriver: chrome on WINDOWS (72327fe14b0001ed0a9513b6abeee8b9)] -> xpath: //ul[@class='dropdown-menu dropdown-menu-right']/li], [[ChromeDriver: chrome on WINDOWS (72327fe14b0001ed0a9513b6abeee8b9)] -> xpath: //ul[@class='dropdown-menu dropdown-menu-right']/li]]
2023-05-16 21:05:423 INFO  LogoutPage :27 - Verify text "Account Logout" [[ChromeDriver: chrome on WINDOWS (72327fe14b0001ed0a9513b6abeee8b9)] -> xpath: //h1[text()='Account Logout']]
2023-05-16 21:05:961 INFO  LogoutPage :33 - Clicking on Continue Button [[ChromeDriver: chrome on WINDOWS (72327fe14b0001ed0a9513b6abeee8b9)] -> xpath: //a[contains(text(),'Continue')]]
2023-05-16 21:05:102 INFO  HomePage :74 - Mouse hover on “Desktops” Tab and click [[ChromeDriver: chrome on WINDOWS (e884407a1d8c8c6d5d1602be854606f1)] -> link text: Desktops]
2023-05-16 21:05:155 INFO  HomePage :68 - Click Show All Desktops from homepage Top menu  []
2023-05-16 21:05:169 INFO  DesktopPage :39 - Verify the text ‘Desktops’[[ChromeDriver: chrome on WINDOWS (e884407a1d8c8c6d5d1602be854606f1)] -> xpath: //h2[contains(text(),'Desktops')]]
2023-05-16 21:05:867 INFO  HomePage :80 - Mouse hover on “Laptops & Notebooks” Tab and click [[ChromeDriver: chrome on WINDOWS (106cfc5518e355f86fafa2f7e09f5116)] -> link text: Laptops & Notebooks]
2023-05-16 21:05:938 INFO  HomePage :68 - Click Show All Laptops & Notebooks from homepage Top menu  []
2023-05-16 21:05:952 INFO  LaptopAndNotebookPage :39 - Verify the text ‘Laptops & Notebooks’ [[ChromeDriver: chrome on WINDOWS (106cfc5518e355f86fafa2f7e09f5116)] -> xpath: //h2[contains(text(),'Laptops & Notebooks')]]
2023-05-16 21:05:557 INFO  HomePage :86 -  Mouse hover on “Components” Tab and click [[ChromeDriver: chrome on WINDOWS (0c2deba88b79a9c9f5030e05e9097f19)] -> link text: Components]
2023-05-16 21:05:586 INFO  HomePage :68 - Click Show All Components from homepage Top menu  []
2023-05-16 21:05:598 INFO  ComponentsPage :21 - Verify the text ‘Components’ [[ChromeDriver: chrome on WINDOWS (0c2deba88b79a9c9f5030e05e9097f19)] -> xpath: //h2[contains(text(),'Components')]]
